<?xml version="1.0" encoding="UTF-8"?>
<!-- Generated by org.testng.reporters.JUnitXMLReporter -->
<testsuite ignored="0" hostname="GP-HP" failures="0" tests="3" name="Default test" time="0.115" errors="0" timestamp="2022-09-10T09:24:23 IST">
  <testcase classname="qaClickAcademy.ExcelDriven.DataDrivenExcelDataProvider" name="testCaseData" time="0.017"/>
  <testcase classname="qaClickAcademy.ExcelDriven.DataDrivenExcelDataProvider" name="testCaseData" time="0.004"/>
  <testcase classname="qaClickAcademy.ExcelDriven.DataDrivenExcelDataProvider" name="testCaseData" time="0.005"/>
</testsuite> <!-- Default test -->
