<?xml version="1.0" encoding="UTF-8"?>
<!-- Generated by org.testng.reporters.JUnitXMLReporter -->
<testsuite ignored="0" hostname="GP-HP" failures="0" tests="5" name="Test" time="0.166" errors="0" timestamp="2022-11-03T01:41:53 IST">
  <testcase classname="qaClickAcademy.DataDrivenExcelDataProvider" name="testCaseData" time="0.018"/>
  <testcase classname="qaClickAcademy.DataDrivenExcelDataProvider" name="testCaseData" time="0.003"/>
  <testcase classname="qaClickAcademy.DataDrivenExcelDataProvider" name="testCaseData" time="0.002"/>
  <testcase classname="qaClickAcademy.ExcelDriven.Screenshot" name="FileRead" time="0.007"/>
  <testcase classname="qaClickAcademy.ExcelDriven.Screenshot" name="FileWrite" time="0.006"/>
</testsuite> <!-- Test -->
