<?xml version="1.0" encoding="UTF-8"?>
<testng-results ignored="0" total="1" passed="1" failed="0" skipped="0">
  <reporter-output>
  </reporter-output>
  <suite started-at="2022-11-14T04:05:11Z" name="test.BTest" finished-at="2022-11-14T04:05:11Z" duration-ms="270">
    <groups>
    </groups>
    <test started-at="2022-11-14T04:05:11Z" name="Command line test" finished-at="2022-11-14T04:05:11Z" duration-ms="270">
      <class name="test.BTest">
        <test-method signature="main()[pri:0, instance:test.BTest@7334aada]" started-at="2022-11-14T04:05:11Z" name="main" finished-at="2022-11-14T04:05:11Z" duration-ms="49" status="PASS">
          <reporter-output>
          </reporter-output>
        </test-method> <!-- main -->
      </class> <!-- test.BTest -->
    </test> <!-- Command line test -->
  </suite> <!-- test.BTest -->
</testng-results>
