<?xml version="1.0" encoding="UTF-8"?>
<testng-results ignored="0" total="5" passed="5" failed="0" skipped="0">
  <reporter-output>
  </reporter-output>
  <suite started-at="2022-11-03T01:41:53 IST" name="Suite" finished-at="2022-11-03T01:41:53 IST" duration-ms="166">
    <groups>
    </groups>
    <test started-at="2022-11-03T01:41:53 IST" name="Test" finished-at="2022-11-03T01:41:53 IST" duration-ms="166">
      <class name="qaClickAcademy.DataDrivenExcelDataProvider">
        <test-method signature="testCaseData(java.lang.String,java.lang.String,int)[pri:0, instance:qaClickAcademy.DataDrivenExcelDataProvider@6fd83fc1]" started-at="2022-11-03T01:41:53 IST" name="testCaseData" data-provider="driverTest" finished-at="2022-11-03T01:41:53 IST" duration-ms="18" status="PASS">
          <params>
            <param index="0">
              <value>
                <![CDATA[id1]]>
              </value>
            </param>
            <param index="1">
              <value>
                <![CDATA[pwd1]]>
              </value>
            </param>
            <param index="2">
              <value>
                <![CDATA[1]]>
              </value>
            </param>
          </params>
          <reporter-output>
          </reporter-output>
        </test-method> <!-- testCaseData -->
        <test-method signature="testCaseData(java.lang.String,java.lang.String,int)[pri:0, instance:qaClickAcademy.DataDrivenExcelDataProvider@6fd83fc1]" started-at="2022-11-03T01:41:53 IST" name="testCaseData" data-provider="driverTest" finished-at="2022-11-03T01:41:53 IST" duration-ms="3" status="PASS">
          <params>
            <param index="0">
              <value>
                <![CDATA[id2]]>
              </value>
            </param>
            <param index="1">
              <value>
                <![CDATA[pwd2]]>
              </value>
            </param>
            <param index="2">
              <value>
                <![CDATA[2]]>
              </value>
            </param>
          </params>
          <reporter-output>
          </reporter-output>
        </test-method> <!-- testCaseData -->
        <test-method signature="testCaseData(java.lang.String,java.lang.String,int)[pri:0, instance:qaClickAcademy.DataDrivenExcelDataProvider@6fd83fc1]" started-at="2022-11-03T01:41:53 IST" name="testCaseData" data-provider="driverTest" finished-at="2022-11-03T01:41:53 IST" duration-ms="2" status="PASS">
          <params>
            <param index="0">
              <value>
                <![CDATA[id3]]>
              </value>
            </param>
            <param index="1">
              <value>
                <![CDATA[pwd3]]>
              </value>
            </param>
            <param index="2">
              <value>
                <![CDATA[3]]>
              </value>
            </param>
          </params>
          <reporter-output>
          </reporter-output>
        </test-method> <!-- testCaseData -->
      </class> <!-- qaClickAcademy.DataDrivenExcelDataProvider -->
      <class name="qaClickAcademy.ExcelDriven.Screenshot">
        <test-method signature="FileRead()[pri:0, instance:qaClickAcademy.ExcelDriven.Screenshot@1de5f259]" started-at="2022-11-03T01:41:53 IST" name="FileRead" finished-at="2022-11-03T01:41:53 IST" duration-ms="7" status="PASS">
          <reporter-output>
          </reporter-output>
        </test-method> <!-- FileRead -->
        <test-method signature="FileWrite()[pri:0, instance:qaClickAcademy.ExcelDriven.Screenshot@1de5f259]" started-at="2022-11-03T01:41:53 IST" name="FileWrite" finished-at="2022-11-03T01:41:53 IST" duration-ms="6" status="PASS">
          <reporter-output>
          </reporter-output>
        </test-method> <!-- FileWrite -->
      </class> <!-- qaClickAcademy.ExcelDriven.Screenshot -->
    </test> <!-- Test -->
  </suite> <!-- Suite -->
</testng-results>
